********************************************************************************
product = Open Liberty 24.0.0.10 (wlp-1.0.94.cl241020240923-1638)
wlp.install.dir = /home/wiktor/company-jakartaee-servlet/company/target/liberty/wlp/
java.home = /usr/lib/jvm/java-17-openjdk-amd64
java.version = 17.0.12
java.runtime = OpenJDK Runtime Environment (17.0.12+7-Ubuntu-1ubuntu224.04)
os = Linux (6.8.0-45-generic; amd64) (en_US)
process = 66646@wiktor-Vostro-15-3510
Classpath = /home/wiktor/company-jakartaee-servlet/company/target/liberty/wlp/bin/tools/ws-server.jar
Java Library path = /usr/java/packages/lib:/usr/lib/x86_64-linux-gnu/jni:/lib/x86_64-linux-gnu:/usr/lib/x86_64-linux-gnu:/usr/lib/jni:/lib:/usr/lib
********************************************************************************
[10/9/24, 19:10:26:240 CEST] 00000001 com.ibm.ws.kernel.launch.internal.FrameworkManager           A CWWKE0001I: The server defaultServer has been launched.
[10/9/24, 19:10:26:758 CEST] 00000001 com.ibm.ws.kernel.launch.internal.FrameworkManager           I CWWKE0002I: The kernel started after 0.649 seconds
[10/9/24, 19:10:26:768 CEST] 00000028 com.ibm.ws.kernel.feature.internal.FeatureManager            I CWWKF0007I: Feature update started.
[10/9/24, 19:10:27:107 CEST] 0000001d com.ibm.ws.app.manager.internal.monitor.DropinMonitor        A CWWKZ0058I: Monitoring dropins for applications.
[10/9/24, 19:10:27:330 CEST] 00000030 com.ibm.ws.app.manager.AppMessageHelper                      I CWWKZ0018I: Starting application company-1.0-SNAPSHOT.
[10/9/24, 19:10:27:331 CEST] 00000030 bm.ws.app.manager.war.internal.WARDeployedAppInfoFactoryImpl I CWWKZ0134I: The company-1.0-SNAPSHOT application is using the loose application definition at the /home/wiktor/company-jakartaee-servlet/company/target/liberty/wlp/usr/servers/defaultServer/dropins/company-1.0-SNAPSHOT.war.xml location.
[10/9/24, 19:10:27:586 CEST] 00000030 com.ibm.ws.session.WASSessionCore                            I SESN8501I: The session manager did not find a persistent storage location; HttpSession objects will be stored in the local application server's memory.
[10/9/24, 19:10:27:596 CEST] 00000030 com.ibm.ws.webcontainer.osgi.webapp.WebGroup                 I SRVE0169I: Loading Web Module: company-1.0-SNAPSHOT.
[10/9/24, 19:10:27:598 CEST] 00000030 com.ibm.ws.webcontainer                                      I SRVE0250I: Web Module company-1.0-SNAPSHOT has been bound to default_host.
[10/9/24, 19:10:27:599 CEST] 00000030 com.ibm.ws.http.internal.VirtualHostImpl                     A CWWKT0016I: Web application available (default_host): http://localhost:9080/company/
[10/9/24, 19:10:27:650 CEST] 00000032 com.ibm.ws.session.WASSessionCore                            I SESN0176I: A new session context will be created for application key default_host/company
[10/9/24, 19:10:27:660 CEST] 00000032 com.ibm.ws.util                                              I SESN0172I: The session manager is using the Java default SecureRandom implementation for session ID generation.
[10/9/24, 19:10:27:770 CEST] 00000029 com.ibm.ws.webcontainer.osgi.mbeans.PluginGenerator          I SRVE9103I: A configuration file for a web server plugin was automatically generated for this server at /home/wiktor/company-jakartaee-servlet/company/target/liberty/wlp/usr/servers/defaultServer/logs/state/plugin-cfg.xml.
[10/9/24, 19:10:27:878 CEST] 00000032 com.ibm.ws.app.manager.AppMessageHelper                      A CWWKZ0001I: Application company-1.0-SNAPSHOT started in 0.548 seconds.
[10/9/24, 19:10:27:899 CEST] 00000028 com.ibm.ws.tcpchannel.internal.TCPPort                       E CWWKO0221E: TCP Channel defaultHttpEndpoint initialization did not succeed.  The socket bind did not succeed for host localhost and port 9080.  The port might already be in use.  Exception Message: Address already in use
[10/9/24, 19:10:27:901 CEST] 00000028 com.ibm.ws.tcpchannel.internal.TCPChannel                    I CWWKO0220I: TCP Channel defaultHttpEndpoint has stopped listening for requests on host localhost port 9080.
[10/9/24, 19:10:27:902 CEST] 00000028 com.ibm.ws.http.internal.VirtualHostImpl                     A CWWKT0017I: Web application removed (default_host): http://localhost:9080/company/
[10/9/24, 19:10:27:912 CEST] 00000028 com.ibm.ws.kernel.feature.internal.FeatureManager            A CWWKF0012I: The server installed the following features: [jsonb-3.0, jsonp-2.1, servlet-6.0].
[10/9/24, 19:10:27:912 CEST] 00000028 com.ibm.ws.kernel.feature.internal.FeatureManager            I CWWKF0008I: Feature update completed in 1.155 seconds.
[10/9/24, 19:10:27:913 CEST] 00000028 com.ibm.ws.kernel.feature.internal.FeatureManager            A CWWKF0011I: The defaultServer server is ready to run a smarter planet. The defaultServer server started in 1.804 seconds.
[10/9/24, 19:10:30:547 CEST] 00000028 com.ibm.ws.app.manager.AppMessageHelper                      A CWWKZ0009I: The application company-1.0-SNAPSHOT has stopped successfully.
[10/9/24, 19:10:30:552 CEST] 00000028 com.ibm.ws.app.manager.AppMessageHelper                      I CWWKZ0018I: Starting application company-1.0-SNAPSHOT.
[10/9/24, 19:10:30:552 CEST] 00000028 bm.ws.app.manager.war.internal.WARDeployedAppInfoFactoryImpl I CWWKZ0134I: The company-1.0-SNAPSHOT application is using the loose application definition at the /home/wiktor/company-jakartaee-servlet/company/target/liberty/wlp/usr/servers/defaultServer/dropins/company-1.0-SNAPSHOT.war.xml location.
[10/9/24, 19:10:30:594 CEST] 00000037 com.ibm.ws.webcontainer.osgi.mbeans.PluginGenerator          I SRVE9103I: A configuration file for a web server plugin was automatically generated for this server at /home/wiktor/company-jakartaee-servlet/company/target/liberty/wlp/usr/servers/defaultServer/logs/state/plugin-cfg.xml.
[10/9/24, 19:10:30:607 CEST] 00000028 com.ibm.ws.webcontainer.osgi.webapp.WebGroup                 I SRVE0169I: Loading Web Module: company-1.0-SNAPSHOT.
[10/9/24, 19:10:30:607 CEST] 00000028 com.ibm.ws.webcontainer                                      I SRVE0250I: Web Module company-1.0-SNAPSHOT has been bound to default_host.
[10/9/24, 19:10:30:613 CEST] 00000038 com.ibm.ws.session.WASSessionCore                            I SESN0176I: A new session context will be created for application key default_host/company
[10/9/24, 19:10:30:613 CEST] 00000038 com.ibm.ws.util                                              I SESN0172I: The session manager is using the Java default SecureRandom implementation for session ID generation.
[10/9/24, 19:10:30:621 CEST] 00000039 com.ibm.ws.webcontainer.osgi.mbeans.PluginGenerator          I SRVE9103I: A configuration file for a web server plugin was automatically generated for this server at /home/wiktor/company-jakartaee-servlet/company/target/liberty/wlp/usr/servers/defaultServer/logs/state/plugin-cfg.xml.
[10/9/24, 19:10:30:658 CEST] 00000038 com.ibm.ws.app.manager.AppMessageHelper                      A CWWKZ0003I: The application company-1.0-SNAPSHOT updated in 0.106 seconds.
[10/9/24, 19:10:36:485 CEST] 00000017 com.ibm.ws.kernel.launch.internal.FrameworkManager           A CWWKE0085I: The server defaultServer is stopping because the JVM is exiting.
[10/9/24, 19:10:36:487 CEST] 0000003e com.ibm.ws.runtime.update.internal.RuntimeUpdateManagerImpl  A CWWKE1100I: Waiting for up to 30 seconds for the server to quiesce.
[10/9/24, 19:10:36:490 CEST] 0000003e com.ibm.ws.runtime.update.internal.RuntimeUpdateManagerImpl  I CWWKE1101I: Server quiesce complete.
[10/9/24, 19:10:36:518 CEST] 00000029 com.ibm.ws.app.manager.AppMessageHelper                      A CWWKZ0009I: The application company-1.0-SNAPSHOT has stopped successfully.
[10/9/24, 19:10:36:594 CEST] 00000018 com.ibm.ws.kernel.launch.internal.ServerCommandListener      A CWWKE0055I: Server shutdown requested on Wednesday, October 9, 2024 at 7:10 PM. The server defaultServer is shutting down.
[10/9/24, 19:10:36:720 CEST] 00000001 com.ibm.ws.kernel.launch.internal.FrameworkManager           A CWWKE0036I: The server defaultServer stopped after 10.61 seconds.
